<?xml version="1.0" encoding="UTF-8"?>
<!-- Generated by org.testng.reporters.JUnitReportReporter -->
<testsuite hostname="Yog" failures="0" tests="5" name="org.tyss.sms001.MavenPractic1Test" time="0.013" errors="0" timestamp="23 Jul 2022 18:42:31 GMT">
  <testcase classname="org.tyss.sms001.MavenPractic1Test" name="testAction4" time="0.001"/>
  <testcase classname="org.tyss.sms001.MavenPractic1Test" name="testAction5" time="0.001"/>
  <testcase classname="org.tyss.sms001.MavenPractic1Test" name="testAction1" time="0.009"/>
  <testcase classname="org.tyss.sms001.MavenPractic1Test" name="testAction2" time="0.001"/>
  <testcase classname="org.tyss.sms001.MavenPractic1Test" name="testAction3" time="0.001"/>
</testsuite> <!-- org.tyss.sms001.MavenPractic1Test -->
